2025-10-09 20:48:47,499 - INFO - Logging initialized at: /mnt/c/Users/meta/IS601/assignment5/logs/calculator.log
2025-10-09 20:48:47,513 - INFO - No history file found - starting with empty history
2025-10-09 20:48:47,514 - INFO - Calculator initialized with configuration
2025-10-09 20:48:47,515 - INFO - Added observer: LoggingObserver
2025-10-09 20:48:47,515 - INFO - Added observer: AutoSaveObserver
2025-10-09 20:48:54,518 - INFO - Set operation: Multiplication
2025-10-09 20:48:54,520 - INFO - Calculation performed: Multiplication (2, 3) = 6
2025-10-09 20:48:54,741 - INFO - History saved successfully to /mnt/c/Users/meta/IS601/assignment5/history/calculator_history.csv
2025-10-09 20:48:54,742 - INFO - History auto-saved
2025-10-09 20:49:04,025 - INFO - Set operation: Division
2025-10-09 20:49:04,027 - ERROR - Validation error: Invalid number format: 2 0
2025-10-09 20:49:09,315 - INFO - Set operation: Division
2025-10-09 20:49:09,316 - ERROR - Validation error: Division by zero is not allowed
2025-10-09 20:49:25,043 - INFO - Set operation: Power
2025-10-09 20:49:25,045 - INFO - Calculation performed: Power (3, 5) = 243
2025-10-09 20:49:25,103 - INFO - History saved successfully to /mnt/c/Users/meta/IS601/assignment5/history/calculator_history.csv
2025-10-09 20:49:25,104 - INFO - History auto-saved
2025-10-09 20:49:30,581 - INFO - Set operation: Root
2025-10-09 20:49:30,583 - INFO - Calculation performed: Root (33, 55) = 1.0656371303599454503086008116952143609523773193359375
2025-10-09 20:49:30,661 - INFO - History saved successfully to /mnt/c/Users/meta/IS601/assignment5/history/calculator_history.csv
2025-10-09 20:49:30,662 - INFO - History auto-saved
2025-10-09 20:49:38,456 - INFO - Set operation: Addition
2025-10-09 20:49:38,457 - INFO - Calculation performed: Addition (-12312, 3482342374827348234) = 3482342374827335922
2025-10-09 20:49:38,496 - INFO - History saved successfully to /mnt/c/Users/meta/IS601/assignment5/history/calculator_history.csv
2025-10-09 20:49:38,497 - INFO - History auto-saved
2025-10-09 20:49:47,386 - INFO - Set operation: Multiplication
2025-10-09 20:49:47,387 - ERROR - Validation error: Invalid number format: 23423589k23423
2025-10-09 20:49:54,917 - INFO - Set operation: Multiplication
2025-10-09 20:49:54,918 - INFO - Calculation performed: Multiplication (234972934, 2387234) = 560935377124556
2025-10-09 20:49:54,982 - INFO - History saved successfully to /mnt/c/Users/meta/IS601/assignment5/history/calculator_history.csv
2025-10-09 20:49:54,982 - INFO - History auto-saved
2025-10-09 20:49:57,207 - INFO - History saved successfully to /mnt/c/Users/meta/IS601/assignment5/history/calculator_history.csv
2025-10-09 20:53:42,549 - INFO - Logging initialized at: /mnt/c/Users/meta/IS601/assignment5/logs/calculator.log
2025-10-09 20:53:42,572 - WARNING - Loaded calculation result 3482342374827336192 differs from computed result 3482342374827335922
2025-10-09 20:53:42,572 - INFO - Loaded 5 calculations from history
2025-10-09 20:53:42,572 - INFO - Calculator initialized with configuration
2025-10-09 20:53:42,573 - INFO - Added observer: LoggingObserver
2025-10-09 20:53:42,573 - INFO - Added observer: AutoSaveObserver
2025-10-09 20:53:46,204 - INFO - Set operation: Addition
2025-10-09 20:53:46,205 - INFO - Calculation performed: Addition (3, 4) = 7
2025-10-09 20:53:46,285 - INFO - History saved successfully to /mnt/c/Users/meta/IS601/assignment5/history/calculator_history.csv
2025-10-09 20:53:46,285 - INFO - History auto-saved
2025-10-09 20:53:47,726 - INFO - History saved successfully to /mnt/c/Users/meta/IS601/assignment5/history/calculator_history.csv
2025-10-09 22:44:46,285 - INFO - Logging initialized at: /mnt/c/Users/meta/IS601/midterm-project/logs/calculator.log
2025-10-09 22:44:46,306 - WARNING - Loaded calculation result 3482342374827336192 differs from computed result 3482342374827335922
2025-10-09 22:44:46,306 - INFO - Loaded 6 calculations from history
2025-10-09 22:44:46,306 - INFO - Calculator initialized with configuration
2025-10-09 22:44:46,307 - INFO - Added observer: LoggingObserver
2025-10-09 22:44:46,307 - INFO - Added observer: AutoSaveObserver
2025-10-09 22:44:50,390 - INFO - Set operation: Addition
2025-10-09 22:44:50,391 - INFO - Calculation performed: Addition (3, 4) = 7
2025-10-09 22:44:50,428 - INFO - History saved successfully to /mnt/c/Users/meta/IS601/midterm-project/history/calculator_history.csv
2025-10-09 22:44:50,428 - INFO - History auto-saved
2025-10-09 22:45:22,790 - INFO - Set operation: IntegerDivision
2025-10-09 22:45:22,791 - ERROR - Operation failed: Unknown operation: IntegerDivision
2025-10-09 22:53:21,047 - INFO - Logging initialized at: /mnt/c/Users/meta/IS601/midterm-project/logs/calculator.log
2025-10-09 22:53:21,073 - WARNING - Loaded calculation result 3482342374827336192 differs from computed result 3482342374827335922
2025-10-09 22:53:21,074 - INFO - Loaded 7 calculations from history
2025-10-09 22:53:21,074 - INFO - Calculator initialized with configuration
2025-10-09 22:53:21,074 - INFO - Added observer: LoggingObserver
2025-10-09 22:53:21,075 - INFO - Added observer: AutoSaveObserver
2025-10-09 22:53:27,434 - INFO - Set operation: IntegerDivision
2025-10-09 22:53:27,436 - ERROR - Operation failed: Unknown operation: IntegerDivision
2025-10-09 22:54:44,365 - INFO - Set operation: Modulus
2025-10-09 22:54:44,367 - ERROR - Operation failed: Unknown operation: Modulus
2025-10-09 22:54:48,876 - INFO - Set operation: Addition
2025-10-09 22:54:48,877 - INFO - Calculation performed: Addition (2, 4) = 6
2025-10-09 22:54:48,964 - INFO - History saved successfully to /mnt/c/Users/meta/IS601/midterm-project/history/calculator_history.csv
2025-10-09 22:54:48,965 - INFO - History auto-saved
2025-10-09 22:55:13,150 - INFO - Set operation: Power
2025-10-09 22:55:13,151 - INFO - Calculation performed: Power (2, 2) = 4
2025-10-09 22:55:13,243 - INFO - History saved successfully to /mnt/c/Users/meta/IS601/midterm-project/history/calculator_history.csv
2025-10-09 22:55:13,244 - INFO - History auto-saved
2025-10-09 22:57:14,867 - INFO - History saved successfully to /mnt/c/Users/meta/IS601/midterm-project/history/calculator_history.csv
2025-10-09 22:57:16,654 - INFO - History saved successfully to /mnt/c/Users/meta/IS601/midterm-project/history/calculator_history.csv
2025-10-09 22:57:22,436 - INFO - History saved successfully to /mnt/c/Users/meta/IS601/midterm-project/history/calculator_history.csv
2025-10-09 22:58:45,971 - INFO - Logging initialized at: /mnt/c/Users/meta/IS601/midterm-project/logs/calculator.log
2025-10-09 22:58:45,995 - WARNING - Loaded calculation result 3482342374827336192 differs from computed result 3482342374827335922
2025-10-09 22:58:45,996 - INFO - Loaded 9 calculations from history
2025-10-09 22:58:45,996 - INFO - Calculator initialized with configuration
2025-10-09 22:58:45,996 - INFO - Added observer: LoggingObserver
2025-10-09 22:58:45,996 - INFO - Added observer: AutoSaveObserver
2025-10-09 22:58:51,434 - INFO - Set operation: Modulus
2025-10-09 22:58:51,435 - ERROR - Operation failed: Unknown operation: Modulus
2025-10-09 22:58:54,309 - INFO - History saved successfully to /mnt/c/Users/meta/IS601/midterm-project/history/calculator_history.csv
2025-10-09 23:01:10,894 - INFO - Logging initialized at: /mnt/c/Users/meta/IS601/midterm-project/logs/calculator.log
2025-10-09 23:01:10,918 - WARNING - Loaded calculation result 3482342374827336192 differs from computed result 3482342374827335922
2025-10-09 23:01:10,918 - INFO - Loaded 9 calculations from history
2025-10-09 23:01:10,919 - INFO - Calculator initialized with configuration
2025-10-09 23:01:10,919 - INFO - Added observer: LoggingObserver
2025-10-09 23:01:10,919 - INFO - Added observer: AutoSaveObserver
2025-10-09 23:01:13,655 - INFO - Set operation: Modulus
2025-10-09 23:01:13,656 - ERROR - Operation failed: Unknown operation: Modulus
2025-10-09 23:01:16,285 - INFO - History saved successfully to /mnt/c/Users/meta/IS601/midterm-project/history/calculator_history.csv
2025-10-09 23:04:51,402 - INFO - Logging initialized at: /mnt/c/Users/meta/IS601/midterm-project/logs/calculator.log
2025-10-09 23:04:51,437 - WARNING - Loaded calculation result 3482342374827336192 differs from computed result 3482342374827335922
2025-10-09 23:04:51,452 - INFO - Loaded 9 calculations from history
2025-10-09 23:04:51,452 - INFO - Calculator initialized with configuration
2025-10-09 23:04:51,453 - INFO - Added observer: LoggingObserver
2025-10-09 23:04:51,453 - INFO - Added observer: AutoSaveObserver
2025-10-09 23:04:56,707 - INFO - Set operation: Modulus
2025-10-09 23:04:56,709 - INFO - Calculation performed: Modulus (3, 3) = 0
2025-10-09 23:04:56,788 - INFO - History saved successfully to /mnt/c/Users/meta/IS601/midterm-project/history/calculator_history.csv
2025-10-09 23:04:56,788 - INFO - History auto-saved
2025-10-09 23:05:04,133 - INFO - Set operation: IntegerDivision
2025-10-09 23:05:04,134 - INFO - Calculation performed: IntegerDivision (34, 1) = 34
2025-10-09 23:05:04,197 - INFO - History saved successfully to /mnt/c/Users/meta/IS601/midterm-project/history/calculator_history.csv
2025-10-09 23:05:04,198 - INFO - History auto-saved
2025-10-09 23:05:09,854 - INFO - Set operation: IntegerDivision
2025-10-09 23:05:09,856 - INFO - Calculation performed: IntegerDivision (45, 42) = 1
2025-10-09 23:05:09,929 - INFO - History saved successfully to /mnt/c/Users/meta/IS601/midterm-project/history/calculator_history.csv
2025-10-09 23:05:09,930 - INFO - History auto-saved
2025-10-09 23:05:15,718 - INFO - Set operation: AbsoluteDifference
2025-10-09 23:05:15,720 - INFO - Calculation performed: AbsoluteDifference (34, 12) = 22
2025-10-09 23:05:15,787 - INFO - History saved successfully to /mnt/c/Users/meta/IS601/midterm-project/history/calculator_history.csv
2025-10-09 23:05:15,788 - INFO - History auto-saved
2025-10-09 23:05:17,992 - INFO - History saved successfully to /mnt/c/Users/meta/IS601/midterm-project/history/calculator_history.csv
2025-10-09 23:31:32,213 - INFO - Logging initialized at: /mnt/c/Users/meta/IS601/midterm-project/logs/calculator.log
2025-10-09 23:31:32,291 - WARNING - Loaded calculation result 3482342374827336192 differs from computed result 3482342374827335922
2025-10-09 23:31:32,292 - INFO - Loaded 13 calculations from history
2025-10-09 23:31:32,292 - INFO - Calculator initialized with configuration
2025-10-09 23:31:32,293 - INFO - Added observer: LoggingObserver
2025-10-09 23:31:32,293 - INFO - Added observer: AutoSaveObserver
2025-10-09 23:31:36,528 - INFO - Set operation: Modulus
2025-10-09 23:31:36,529 - INFO - Calculation performed: Modulus (34, 32) = 2
2025-10-09 23:31:36,619 - INFO - History saved successfully to /mnt/c/Users/meta/IS601/midterm-project/history/calculator_history.csv
2025-10-09 23:31:36,620 - INFO - History auto-saved
2025-10-09 23:31:38,195 - INFO - History saved successfully to /mnt/c/Users/meta/IS601/midterm-project/history/calculator_history.csv
